  Microsoft (R) C/C++ Optimizing Compiler Version 8.00c    
  Copyright (c) Microsoft Corp 1984-1993. All rights reserved.
  
  kmain.c
   Assembling: kernel.asm
  Microsoft (R) Macro Assembler Version 6.15.8803
  	Patched for you by promethee [ECL] in the year 2001 - enjoy
  Copyright (C) Microsoft Corp 1981-2000.  All rights reserved.
  
  
  Microsoft (R) Segmented Executable Linker  Version 5.60.339 Dec  5 1994
  Copyright (C) Microsoft Corp 1984-1993.  All rights reserved.
  
  Creating device...
  Created device 0: B: -> .\..\..\built\built_floppy.img
  Notifying applications...
  Done.
          1 file(s) moved.
  Notifying applications...
  Flushing file buffers...
  Locking volume...
  Failed, forcing dismount...
  Removing device...
  Removing mountpoint...
  Done.
  rawwrite dd for windows version 0.6beta3.
  Written by John Newbigin <jn@it.swin.edu.au>
  This program is covered by terms of the GPL Version 2.
  
  1+0 records in
  1+0 records out
