_clrscr...........conio             _convert_sector...stdio
_cprintf..........conio             _cputs............conio
_cputsxy..........conio             _cscanf...........conio
_cursoroff........conio             _cursoron.........conio
_delay............conio             _getch............conio
_getchar..........stdio             _getche...........conio
_gets.............stdio             _gotoxy...........conio
_highvideo........conio             _insline..........conio
_isalnum..........ctype             _isalpha..........ctype
_iscntrl..........ctype             _isdigit..........ctype
_isgraph..........ctype             _islower..........ctype
_isprint..........ctype             _ispunct..........ctype
_isspace..........ctype             _isupper..........ctype
_isxdigit.........ctype             _kbhit............conio
_lowvideo.........conio             _memchr...........string
_memcmp...........string            _memcpy...........string
_memmove..........string            _memset...........string
_newline..........conio             _plotImage........string
_printf...........stdio             _putch............conio
_putchar..........stdio             _puts.............stdio
_raise............signal            _reset_floppy.....stdio
_scanf............stdio             _setcursortype....conio
_setpage..........bios              _signal...........signal
_strcat...........string            _strchr...........string
_strcmp...........string            _strcoll..........string
_strcpy...........string            _strcspn..........string
_strlen...........string            _strncat..........string
_strncmp..........string            _strncpy..........string
_strpbrk..........string            _strrchr..........string
_strspn...........string            _strstr...........string
_strtok...........string            _strxfrm..........string
_textbackground...conio             _textcolor........conio
_tolower..........ctype             _toupper..........ctype
_ungetch..........conio             _wherex...........conio
_wherey...........conio             __acrtused........bios
__assert..........assert            

conio             Offset: 00000010H  Code and data size: 135eH
  _clrscr           _cprintf          _cputs            _cputsxy
  _cscanf           _cursoroff        _cursoron         _delay
  _getch            _getche           _gotoxy           _highvideo
  _insline          _kbhit            _lowvideo         _newline
  _putch            _setcursortype    _textbackground   _textcolor
  _ungetch          _wherex           _wherey         

ctype             Offset: 00001d70H  Code and data size: 10a9H
  _isalnum          _isalpha          _iscntrl          _isdigit
  _isgraph          _islower          _isprint          _ispunct
  _isspace          _isupper          _isxdigit         _tolower
  _toupper        

stdio             Offset: 000035a0H  Code and data size: c7eH
  _convert_sector   _getchar          _gets             _printf
  _putchar          _puts             _reset_floppy     _scanf

string            Offset: 00004920H  Code and data size: 2316H
  _memchr           _memcmp           _memcpy           _memmove
  _memset           _plotImage        _strcat           _strchr
  _strcmp           _strcoll          _strcpy           _strcspn
  _strlen           _strncat          _strncmp          _strncpy
  _strpbrk          _strrchr          _strspn           _strstr
  _strtok           _strxfrm        

assert            Offset: 00007a80H  Code and data size: 78fH
  __assert        

bios              Offset: 00008500H  Code and data size: 75cH
  _setpage          __acrtused      

signal            Offset: 00008f00H  Code and data size: a8bH
  _raise            _signal         
